Khởi động trình duyệt Playwright...
Đang truy cập trang đăng nhập WorkAI...
   ✓ Đã ghi nhận: GCR-4049 - [Game Designer] Cấu hình kỹ thuật (Setup) và tích hợp 2 Hero mới vào hệ thống game | Lý do: Tiêu đề chưa làm rõ được mục tiêu cụ thể của việc tích hợp, ...
[14/18] Đang mở rộng chi tiết hàng: ''
   ✓ Đã ghi nhận: GCR-4113 - [Game Designer] [Human Era ] Kiểm thử, đánh giá và tinh chỉnh cơ chế Xem Ads nhận Hero và Thử nghiệm Hero (Hero Trial) | Lý do: Tiêu đề chứa tiền tố '[Game Designer]' và '[Human Era]' khôn...
[15/18] Đang mở rộng chi tiết hàng: ''
Đã điền thông tin đăng nhập, đang chờ xử lý...
   ✓ Đã ghi nhận: GCR-3929 - [Game Designer] Sản xuất, kiểm thử và submit phiên bản Android 0.0.1.5 | Lý do: Tiêu đề có sự mâu thuẫn giữa nền tảng (Android trong tiêu đề...
[16/18] Đang mở rộng chi tiết hàng: ''
   ✓ Đã ghi nhận: GAE-1950 - [Game Designer] Thiết kế hệ thống Live Ops Đổi Thưởng | Lý do: Tiêu đề thiếu sự cụ thể về phạm vi công việc (thiết kế logic...
[17/18] Đang mở rộng chi tiết hàng: ''
   ✓ Đã ghi nhận: GAE-1904 - [Game Designer] Sửa lại Logic tính Damage của Skill Ingame | Lý do: Summary sử dụng từ ngữ quá chung chung ('Sửa lại') và chưa l...
[18/18] Đang mở rộng chi tiết hàng: ''
Đang truy cập trực tiếp trang KPI cá nhân: /kpi/user...
   ✓ Đã ghi nhận: GAE-1906 - [Game Designer] Cân bằng lại độ khó của các Timeline do thay đổi logic tính damage skill | Lý do: Summary chưa làm rõ mục tiêu cụ thể của việc cân bằng (như đ...
Hoàn thành quét KPI! Tổng số đầu việc bị lỗi thu thập được: 18
Trình duyệt Playwright đã đóng.
Đang đợi trang load dữ liệu (networkidle)...
Đang quét danh sách các nhãn chưa đạt chuẩn trên màn hình...
Tìm thấy 18 nhãn trạng thái chưa đạt chuẩn trong bảng công việc.
[1/18] Đang mở rộng chi tiết hàng: ''
   ✓ Đã ghi nhận: GAE-2298 - Góp ý và yêu cầu team Run-Team giới hạn số lượng vũ khí nhặt trong mỗi gate tránh tích trữ 200 vũ khí, giải thích cơ chế merge vũ khí mạnh vẫn hoạt động | Lý do: Tóm tắt không có hành động công việc rõ ràng. 'Góp ý và yêu ...
[2/18] Đang mở rộng chi tiết hàng: ''
   ✓ Đã ghi nhận: GAE-1682 - [Game Designer] Thiết kế tài liệu GDD chi tiết cho Hero Kunkka | Lý do: Tiêu đề chứa tiền tố '[Game Designer]' không cần thiết và cụ...
[3/18] Đang mở rộng chi tiết hàng: ''
   ✓ Đã ghi nhận: GAE-1678 - [Game Designer] Tinh chỉnh hiệu ứng hình ảnh (VFX) Break Ground của Hero Axe Tempest | Lý do: Tiêu đề thiếu mục tiêu cụ thể về việc tối ưu hóa hiệu năng v...
[4/18] Đang mở rộng chi tiết hàng: ''
   ✓ Đã ghi nhận: GAE-1907 - [Game Designer] Up Android 33 (0.0.1.7) | Lý do: Summary quá ngắn, cần ít nhất 50 ký tự sau khi bỏ khoảng trắ...
[5/18] Đang mở rộng chi tiết hàng: ''
   ✓ Đã ghi nhận: GAE-1546 - [Game Designer] Đánh giá, nghiệm thu giao diện (UI) và kiểm thử lỗi (Bug Feedback) cho hệ thống Pet | Lý do: Tiêu đề chứa tiền tố '[Game Designer]' không cần thiết và sử...
[6/18] Đang mở rộng chi tiết hàng: ''
   ✓ Đã ghi nhận: GAE-1957 - [Game Designer] Chơi game đối thủ tìm idea tính năng mới | Lý do: Tiêu đề chứa tiền tố '[Game Designer]' không cần thiết và cụ...
[7/18] Đang mở rộng chi tiết hàng: ''
   ✓ Đã ghi nhận: GAE-1955 - [Game Designer] Tracking Data Android 0.0.1.7 | Lý do: Summary quá ngắn, cần ít nhất 50 ký tự sau khi bỏ khoảng trắ...
[8/18] Đang mở rộng chi tiết hàng: ''
   ✓ Đã ghi nhận: GAE-1956 - [Game Designer] Check mail support và trả lời user | Lý do: Tiêu đề chứa tag [Game Designer] không cần thiết và cách diễ...
[9/18] Đang mở rộng chi tiết hàng: ''
   ✓ Đã ghi nhận: GAE-1679 - [Game Designer] Feedback hệ thống Mount cho nhân sự Phạm Đăng Hải | Lý do: Tiêu đề chứa thông tin về nhân sự cụ thể (Phạm Đăng Hải) và ...
[10/18] Đang mở rộng chi tiết hàng: ''
   ✓ Đã ghi nhận: GAE-1680 - [Game Designer] Thiết kế mẫu UI Main Menu | Lý do: Summary quá ngắn, cần ít nhất 50 ký tự sau khi bỏ khoảng trắ...
[11/18] Đang mở rộng chi tiết hàng: ''
   ✓ Đã ghi nhận: GCR-4048 - [Game Designer] Thiết kế bộ Icon cho 2 Hero mới bằng công cụ AI và tinh chỉnh ingame | Lý do: Tiêu đề chứa thông tin thừa về vai trò người thực hiện (Game...
[12/18] Đang mở rộng chi tiết hàng: ''
   ✓ Đã ghi nhận: GAE-1683 - [Game Designer] Thiết kế tài liệu mô tả yêu cầu mẫu và cấu hình hiệu ứng (VFX Prototype) kỹ năng Thả thuyền của Hero Kunkka | Lý do: Tiêu đề chứa tag [Game Designer] không cần thiết và cụm từ '...
[13/18] Đang mở rộng chi tiết hàng: ''
   ✓ Đã ghi nhận: GCR-4049 - [Game Designer] Cấu hình kỹ thuật (Setup) và tích hợp 2 Hero mới vào hệ thống game | Lý do: Tiêu đề chưa làm rõ được mục tiêu cụ thể của việc tích hợp, ...
[14/18] Đang mở rộng chi tiết hàng: ''
   ✓ Đã ghi nhận: GCR-4113 - [Game Designer] [Human Era ] Kiểm thử, đánh giá và tinh chỉnh cơ chế Xem Ads nhận Hero và Thử nghiệm Hero (Hero Trial) | Lý do: Tiêu đề chứa tiền tố '[Game Designer]' và '[Human Era]' khôn...
[15/18] Đang mở rộng chi tiết hàng: ''
   ✓ Đã ghi nhận: GCR-3929 - [Game Designer] Sản xuất, kiểm thử và submit phiên bản Android 0.0.1.5 | Lý do: Tiêu đề có sự mâu thuẫn giữa nền tảng (Android trong tiêu đề...
[16/18] Đang mở rộng chi tiết hàng: ''
   ✓ Đã ghi nhận: GAE-1950 - [Game Designer] Thiết kế hệ thống Live Ops Đổi Thưởng | Lý do: Tiêu đề thiếu sự cụ thể về phạm vi công việc (thiết kế logic...
[17/18] Đang mở rộng chi tiết hàng: ''
   ✓ Đã ghi nhận: GAE-1904 - [Game Designer] Sửa lại Logic tính Damage của Skill Ingame | Lý do: Summary sử dụng từ ngữ quá chung chung ('Sửa lại') và chưa l...
[18/18] Đang mở rộng chi tiết hàng: ''
   ✓ Đã ghi nhận: GAE-1906 - [Game Designer] Cân bằng lại độ khó của các Timeline do thay đổi logic tính damage skill | Lý do: Summary chưa làm rõ mục tiêu cụ thể của việc cân bằng (như đ...
Hoàn thành quét KPI! Tổng số đầu việc bị lỗi thu thập được: 18
Trình duyệt Playwright đã đóng.
